# JRE version: Java(TM) SE Runtime Environment (8.0_92-b14) (build 1.8.0_92-b14)
# Java VM: Java HotSpot(TM) 64-Bit Server VM (25.92-b14 mixed mode linux-amd64 compressed oops)
Heap:
 PSYoungGen      total 209408K, used 54377K [0x00000000d7000000, 0x00000000e9d00000, 0x0000000100000000)
  eden space 197632K, 21% used [0x00000000d7000000,0x00000000d999c208,0x00000000e3100000)
  from space 11776K, 99% used [0x00000000e3100000,0x00000000e3c7e5e0,0x00000000e3c80000)
  to   space 16896K, 0% used [0x00000000e8c80000,0x00000000e8c80000,0x00000000e9d00000)
 ParOldGen       total 67072K, used 23772K [0x0000000085000000, 0x0000000089180000, 0x00000000d7000000)
  object space 67072K, 35% used [0x0000000085000000,0x00000000867371c0,0x0000000089180000)
 Metaspace       used 49785K, capacity 52016K, committed 52352K, reserved 1095680K
  class space    used 6330K, capacity 6747K, committed 6784K, reserved 1048576K
GC Heap History (10 events):
Event: 2.689 GC heap before
{Heap before GC invocations=7 (full 1):
 PSYoungGen      total 68608K, used 63488K [0x00000000d7000000, 0x00000000dfc00000, 0x0000000100000000)
  eden space 63488K, 100% used [0x00000000d7000000,0x00000000dae00000,0x00000000dae00000)
  from space 5120K, 0% used [0x00000000dae00000,0x00000000dae00000,0x00000000db300000)
  to   space 8192K, 0% used [0x00000000df400000,0x00000000df400000,0x00000000dfc00000)
 ParOldGen       total 45568K, used 5316K [0x0000000085000000, 0x0000000087c80000, 0x00000000d7000000)
  object space 45568K, 11% used [0x0000000085000000,0x0000000085531010,0x0000000087c80000)
 Metaspace       used 23553K, capacity 24280K, committed 24448K, reserved 1071104K
  class space    used 2997K, capacity 3178K, committed 3200K, reserved 1048576K
Event: 2.698 GC heap after
Heap after GC invocations=7 (full 1):
 PSYoungGen      total 120832K, used 6876K [0x00000000d7000000, 0x00000000dfb00000, 0x0000000100000000)
  eden space 113664K, 0% used [0x00000000d7000000,0x00000000d7000000,0x00000000ddf00000)
  from space 7168K, 95% used [0x00000000df400000,0x00000000dfab7140,0x00000000dfb00000)
  to   space 8192K, 0% used [0x00000000deb00000,0x00000000deb00000,0x00000000df300000)
 ParOldGen       total 45568K, used 5316K [0x0000000085000000, 0x0000000087c80000, 0x00000000d7000000)
  object space 45568K, 11% used [0x0000000085000000,0x0000000085531010,0x0000000087c80000)
 Metaspace       used 23553K, capacity 24280K, committed 24448K, reserved 1071104K
  class space    used 2997K, capacity 3178K, committed 3200K, reserved 1048576K
}
Event: 4.109 GC heap before
{Heap before GC invocations=8 (full 1):
 PSYoungGen      total 120832K, used 120540K [0x00000000d7000000, 0x00000000dfb00000, 0x0000000100000000)
  eden space 113664K, 100% used [0x00000000d7000000,0x00000000ddf00000,0x00000000ddf00000)
  from space 7168K, 95% used [0x00000000df400000,0x00000000dfab7140,0x00000000dfb00000)
  to   space 8192K, 0% used [0x00000000deb00000,0x00000000deb00000,0x00000000df300000)
 ParOldGen       total 45568K, used 5316K [0x0000000085000000, 0x0000000087c80000, 0x00000000d7000000)
  object space 45568K, 11% used [0x0000000085000000,0x0000000085531010,0x0000000087c80000)
 Metaspace       used 29874K, capacity 31000K, committed 31232K, reserved 1077248K
  class space    used 3820K, capacity 4081K, committed 4096K, reserved 1048576K
Event: 4.121 GC heap after
Heap after GC invocations=8 (full 1):
 PSYoungGen      total 134144K, used 8178K [0x00000000d7000000, 0x00000000e4700000, 0x0000000100000000)
  eden space 125952K, 0% used [0x00000000d7000000,0x00000000d7000000,0x00000000deb00000)
  from space 8192K, 99% used [0x00000000deb00000,0x00000000df2fc840,0x00000000df300000)
  to   space 10752K, 0% used [0x00000000e3c80000,0x00000000e3c80000,0x00000000e4700000)
 ParOldGen       total 45568K, used 8377K [0x0000000085000000, 0x0000000087c80000, 0x00000000d7000000)
  object space 45568K, 18% used [0x0000000085000000,0x000000008582e768,0x0000000087c80000)
 Metaspace       used 29874K, capacity 31000K, committed 31232K, reserved 1077248K
  class space    used 3820K, capacity 4081K, committed 4096K, reserved 1048576K
}
Event: 4.771 GC heap before
{Heap before GC invocations=9 (full 1):
 PSYoungGen      total 134144K, used 60169K [0x00000000d7000000, 0x00000000e4700000, 0x0000000100000000)
  eden space 125952K, 41% used [0x00000000d7000000,0x00000000da2c5e98,0x00000000deb00000)
  from space 8192K, 99% used [0x00000000deb00000,0x00000000df2fc840,0x00000000df300000)
  to   space 10752K, 0% used [0x00000000e3c80000,0x00000000e3c80000,0x00000000e4700000)
 ParOldGen       total 45568K, used 8377K [0x0000000085000000, 0x0000000087c80000, 0x00000000d7000000)
  object space 45568K, 18% used [0x0000000085000000,0x000000008582e768,0x0000000087c80000)
 Metaspace       used 33726K, capacity 35360K, committed 35416K, reserved 1081344K
  class space    used 4312K, capacity 4605K, committed 4608K, reserved 1048576K
Event: 4.780 GC heap after
Heap after GC invocations=9 (full 1):
 PSYoungGen      total 208384K, used 10489K [0x00000000d7000000, 0x00000000e5900000, 0x0000000100000000)
  eden space 197632K, 0% used [0x00000000d7000000,0x00000000d7000000,0x00000000e3100000)
  from space 10752K, 97% used [0x00000000e3c80000,0x00000000e46be718,0x00000000e4700000)
  to   space 11776K, 0% used [0x00000000e3100000,0x00000000e3100000,0x00000000e3c80000)
 ParOldGen       total 45568K, used 8385K [0x0000000085000000, 0x0000000087c80000, 0x00000000d7000000)
  object space 45568K, 18% used [0x0000000085000000,0x0000000085830768,0x0000000087c80000)
 Metaspace       used 33726K, capacity 35360K, committed 35416K, reserved 1081344K
  class space    used 4312K, capacity 4605K, committed 4608K, reserved 1048576K
}
Event: 4.780 GC heap before
{Heap before GC invocations=10 (full 2):
 PSYoungGen      total 208384K, used 10489K [0x00000000d7000000, 0x00000000e5900000, 0x0000000100000000)
  eden space 197632K, 0% used [0x00000000d7000000,0x00000000d7000000,0x00000000e3100000)
  from space 10752K, 97% used [0x00000000e3c80000,0x00000000e46be718,0x00000000e4700000)
  to   space 11776K, 0% used [0x00000000e3100000,0x00000000e3100000,0x00000000e3c80000)
 ParOldGen       total 45568K, used 8385K [0x0000000085000000, 0x0000000087c80000, 0x00000000d7000000)
  object space 45568K, 18% used [0x0000000085000000,0x0000000085830768,0x0000000087c80000)
 Metaspace       used 33726K, capacity 35360K, committed 35416K, reserved 1081344K
  class space    used 4312K, capacity 4605K, committed 4608K, reserved 1048576K
Event: 4.822 GC heap after
Heap after GC invocations=10 (full 2):
 PSYoungGen      total 208384K, used 0K [0x00000000d7000000, 0x00000000e5900000, 0x0000000100000000)
  eden space 197632K, 0% used [0x00000000d7000000,0x00000000d7000000,0x00000000e3100000)
  from space 10752K, 0% used [0x00000000e3c80000,0x00000000e3c80000,0x00000000e4700000)
  to   space 11776K, 0% used [0x00000000e3100000,0x00000000e3100000,0x00000000e3c80000)
 ParOldGen       total 67072K, used 15169K [0x0000000085000000, 0x0000000089180000, 0x00000000d7000000)
  object space 67072K, 22% used [0x0000000085000000,0x0000000085ed04f0,0x0000000089180000)
 Metaspace       used 33726K, capacity 35360K, committed 35416K, reserved 1081344K
  class space    used 4312K, capacity 4605K, committed 4608K, reserved 1048576K
}
Event: 41.621 GC heap before
{Heap before GC invocations=11 (full 2):
 PSYoungGen      total 208384K, used 197632K [0x00000000d7000000, 0x00000000e5900000, 0x0000000100000000)
  eden space 197632K, 100% used [0x00000000d7000000,0x00000000e3100000,0x00000000e3100000)
  from space 10752K, 0% used [0x00000000e3c80000,0x00000000e3c80000,0x00000000e4700000)
  to   space 11776K, 0% used [0x00000000e3100000,0x00000000e3100000,0x00000000e3c80000)
 ParOldGen       total 67072K, used 15169K [0x0000000085000000, 0x0000000089180000, 0x00000000d7000000)
  object space 67072K, 22% used [0x0000000085000000,0x0000000085ed04f0,0x0000000089180000)
 Metaspace       used 49029K, capacity 51276K, committed 51584K, reserved 1093632K
  class space    used 6259K, capacity 6677K, committed 6784K, reserved 1048576K
Event: 41.636 GC heap after
Heap after GC invocations=11 (full 2):
 PSYoungGen      total 209408K, used 11769K [0x00000000d7000000, 0x00000000e9d00000, 0x0000000100000000)
  eden space 197632K, 0% used [0x00000000d7000000,0x00000000d7000000,0x00000000e3100000)
  from space 11776K, 99% used [0x00000000e3100000,0x00000000e3c7e5e0,0x00000000e3c80000)
  to   space 16896K, 0% used [0x00000000e8c80000,0x00000000e8c80000,0x00000000e9d00000)
 ParOldGen       total 67072K, used 23772K [0x0000000085000000, 0x0000000089180000, 0x00000000d7000000)
  object space 67072K, 35% used [0x0000000085000000,0x00000000867371c0,0x0000000089180000)
 Metaspace       used 49029K, capacity 51276K, committed 51584K, reserved 1093632K
  class space    used 6259K, capacity 6677K, committed 6784K, reserved 1048576K
}

